<?xml version="1.0" encoding="UTF-8"?>
<testng-results skipped="0" failed="1" ignored="0" total="7" passed="6">
  <reporter-output>
  </reporter-output>
  <suite name="Command line suite" duration-ms="72975" started-at="2020-01-09T09:18:23 IST" finished-at="2020-01-09T09:19:36 IST">
    <groups>
    </groups>
    <test name="Command line test" duration-ms="72975" started-at="2020-01-09T09:18:23 IST" finished-at="2020-01-09T09:19:36 IST">
      <class name="com.crm.qa.testcases.ContactPageTest">
        <test-method status="PASS" signature="setup()[pri:0, instance:com.crm.qa.testcases.ContactPageTest@5f2108b5]" name="setup" is-config="true" duration-ms="12701" started-at="2020-01-09T09:18:23 IST" finished-at="2020-01-09T09:18:36 IST">
          <reporter-output>
          </reporter-output>
        </test-method> <!-- setup -->
        <test-method status="PASS" signature="verifyContactLabelTest()[pri:1, instance:com.crm.qa.testcases.ContactPageTest@5f2108b5]" name="verifyContactLabelTest" duration-ms="65" started-at="2020-01-09T09:18:36 IST" finished-at="2020-01-09T09:18:36 IST">
          <reporter-output>
          </reporter-output>
        </test-method> <!-- verifyContactLabelTest -->
        <test-method status="PASS" signature="tearDown()[pri:0, instance:com.crm.qa.testcases.ContactPageTest@5f2108b5]" name="tearDown" is-config="true" duration-ms="887" started-at="2020-01-09T09:18:36 IST" finished-at="2020-01-09T09:18:37 IST">
          <reporter-output>
          </reporter-output>
        </test-method> <!-- tearDown -->
      </class> <!-- com.crm.qa.testcases.ContactPageTest -->
      <class name="com.crm.qa.testcases.HomePageTest">
        <test-method status="PASS" signature="setUp()[pri:0, instance:com.crm.qa.testcases.HomePageTest@31a5c39e]" name="setUp" is-config="true" duration-ms="7040" started-at="2020-01-09T09:18:37 IST" finished-at="2020-01-09T09:18:44 IST">
          <reporter-output>
          </reporter-output>
        </test-method> <!-- setUp -->
        <test-method status="PASS" signature="verfiyHomePageTitleTest()[pri:1, instance:com.crm.qa.testcases.HomePageTest@31a5c39e]" name="verfiyHomePageTitleTest" duration-ms="10" started-at="2020-01-09T09:18:44 IST" finished-at="2020-01-09T09:18:44 IST">
          <reporter-output>
          </reporter-output>
        </test-method> <!-- verfiyHomePageTitleTest -->
        <test-method status="PASS" signature="tearDown()[pri:0, instance:com.crm.qa.testcases.HomePageTest@31a5c39e]" name="tearDown" is-config="true" duration-ms="868" started-at="2020-01-09T09:18:44 IST" finished-at="2020-01-09T09:18:45 IST">
          <reporter-output>
          </reporter-output>
        </test-method> <!-- tearDown -->
        <test-method status="PASS" signature="setUp()[pri:0, instance:com.crm.qa.testcases.HomePageTest@31a5c39e]" name="setUp" is-config="true" duration-ms="8129" started-at="2020-01-09T09:18:45 IST" finished-at="2020-01-09T09:18:53 IST">
          <reporter-output>
          </reporter-output>
        </test-method> <!-- setUp -->
        <test-method status="PASS" signature="verifyUserNameTest()[pri:2, instance:com.crm.qa.testcases.HomePageTest@31a5c39e]" name="verifyUserNameTest" duration-ms="2855" started-at="2020-01-09T09:18:53 IST" finished-at="2020-01-09T09:18:56 IST">
          <reporter-output>
          </reporter-output>
        </test-method> <!-- verifyUserNameTest -->
        <test-method status="PASS" signature="tearDown()[pri:0, instance:com.crm.qa.testcases.HomePageTest@31a5c39e]" name="tearDown" is-config="true" duration-ms="1084" started-at="2020-01-09T09:18:56 IST" finished-at="2020-01-09T09:18:57 IST">
          <reporter-output>
          </reporter-output>
        </test-method> <!-- tearDown -->
        <test-method status="PASS" signature="setUp()[pri:0, instance:com.crm.qa.testcases.HomePageTest@31a5c39e]" name="setUp" is-config="true" duration-ms="9006" started-at="2020-01-09T09:18:57 IST" finished-at="2020-01-09T09:19:06 IST">
          <reporter-output>
          </reporter-output>
        </test-method> <!-- setUp -->
        <test-method status="PASS" signature="verifyContactLnkText()[pri:3, instance:com.crm.qa.testcases.HomePageTest@31a5c39e]" name="verifyContactLnkText" duration-ms="2666" started-at="2020-01-09T09:19:06 IST" finished-at="2020-01-09T09:19:08 IST">
          <reporter-output>
          </reporter-output>
        </test-method> <!-- verifyContactLnkText -->
        <test-method status="PASS" signature="tearDown()[pri:0, instance:com.crm.qa.testcases.HomePageTest@31a5c39e]" name="tearDown" is-config="true" duration-ms="1024" started-at="2020-01-09T09:19:08 IST" finished-at="2020-01-09T09:19:09 IST">
          <reporter-output>
          </reporter-output>
        </test-method> <!-- tearDown -->
      </class> <!-- com.crm.qa.testcases.HomePageTest -->
      <class name="com.crm.qa.testcases.LoginPageTest">
        <test-method status="PASS" signature="setup()[pri:0, instance:com.crm.qa.testcases.LoginPageTest@3f49dace]" name="setup" is-config="true" duration-ms="6400" started-at="2020-01-09T09:19:09 IST" finished-at="2020-01-09T09:19:16 IST">
          <reporter-output>
          </reporter-output>
        </test-method> <!-- setup -->
        <test-method status="PASS" signature="titleTest()[pri:1, instance:com.crm.qa.testcases.LoginPageTest@3f49dace]" name="titleTest" duration-ms="23" started-at="2020-01-09T09:19:16 IST" finished-at="2020-01-09T09:19:16 IST">
          <reporter-output>
          </reporter-output>
        </test-method> <!-- titleTest -->
        <test-method status="PASS" signature="tearDown()[pri:0, instance:com.crm.qa.testcases.LoginPageTest@3f49dace]" name="tearDown" is-config="true" duration-ms="791" started-at="2020-01-09T09:19:16 IST" finished-at="2020-01-09T09:19:17 IST">
          <reporter-output>
          </reporter-output>
        </test-method> <!-- tearDown -->
        <test-method status="PASS" signature="setup()[pri:0, instance:com.crm.qa.testcases.LoginPageTest@3f49dace]" name="setup" is-config="true" duration-ms="8269" started-at="2020-01-09T09:19:17 IST" finished-at="2020-01-09T09:19:25 IST">
          <reporter-output>
          </reporter-output>
        </test-method> <!-- setup -->
        <test-method status="FAIL" signature="notificationTest()[pri:2, instance:com.crm.qa.testcases.LoginPageTest@3f49dace]" name="notificationTest" duration-ms="493" started-at="2020-01-09T09:19:25 IST" finished-at="2020-01-09T09:19:25 IST">
          <exception class="java.lang.AssertionError">
            <message>
              <![CDATA[expected [true] but found [false]]]>
            </message>
            <full-stacktrace>
              <![CDATA[java.lang.AssertionError: expected [true] but found [false]
at org.testng.Assert.fail(Assert.java:97)
at org.testng.Assert.failNotEquals(Assert.java:969)
at org.testng.Assert.assertTrue(Assert.java:43)
at org.testng.Assert.assertTrue(Assert.java:53)
at com.crm.qa.testcases.LoginPageTest.notificationTest(LoginPageTest.java:36)
at sun.reflect.NativeMethodAccessorImpl.invoke0(Native Method)
at sun.reflect.NativeMethodAccessorImpl.invoke(NativeMethodAccessorImpl.java:62)
at sun.reflect.DelegatingMethodAccessorImpl.invoke(DelegatingMethodAccessorImpl.java:43)
at java.lang.reflect.Method.invoke(Method.java:498)
at org.testng.internal.MethodInvocationHelper.invokeMethod(MethodInvocationHelper.java:134)
at org.testng.internal.TestInvoker.invokeMethod(TestInvoker.java:597)
at org.testng.internal.TestInvoker.invokeTestMethod(TestInvoker.java:173)
at org.testng.internal.MethodRunner.runInSequence(MethodRunner.java:46)
at org.testng.internal.TestInvoker$MethodInvocationAgent.invoke(TestInvoker.java:816)
at org.testng.internal.TestInvoker.invokeTestMethods(TestInvoker.java:146)
at org.testng.internal.TestMethodWorker.invokeTestMethods(TestMethodWorker.java:146)
at org.testng.internal.TestMethodWorker.run(TestMethodWorker.java:128)
at java.util.ArrayList.forEach(ArrayList.java:1257)
at org.testng.TestRunner.privateRun(TestRunner.java:766)
at org.testng.TestRunner.run(TestRunner.java:587)
at org.testng.SuiteRunner.runTest(SuiteRunner.java:384)
at org.testng.SuiteRunner.runSequentially(SuiteRunner.java:378)
at org.testng.SuiteRunner.privateRun(SuiteRunner.java:337)
at org.testng.SuiteRunner.run(SuiteRunner.java:286)
at org.testng.SuiteRunnerWorker.runSuite(SuiteRunnerWorker.java:53)
at org.testng.SuiteRunnerWorker.run(SuiteRunnerWorker.java:96)
at org.testng.TestNG.runSuitesSequentially(TestNG.java:1187)
at org.testng.TestNG.runSuitesLocally(TestNG.java:1109)
at org.testng.TestNG.runSuites(TestNG.java:1039)
at org.testng.TestNG.run(TestNG.java:1007)
at org.apache.maven.surefire.testng.TestNGExecutor.run(TestNGExecutor.java:77)
at org.apache.maven.surefire.testng.TestNGDirectoryTestSuite.executeMulti(TestNGDirectoryTestSuite.java:159)
at org.apache.maven.surefire.testng.TestNGDirectoryTestSuite.execute(TestNGDirectoryTestSuite.java:99)
at org.apache.maven.surefire.testng.TestNGProvider.invoke(TestNGProvider.java:106)
at sun.reflect.NativeMethodAccessorImpl.invoke0(Native Method)
at sun.reflect.NativeMethodAccessorImpl.invoke(NativeMethodAccessorImpl.java:62)
at sun.reflect.DelegatingMethodAccessorImpl.invoke(DelegatingMethodAccessorImpl.java:43)
at java.lang.reflect.Method.invoke(Method.java:498)
at org.apache.maven.surefire.util.ReflectionUtils.invokeMethodWithArray(ReflectionUtils.java:189)
at org.apache.maven.surefire.booter.ProviderFactory$ProviderProxy.invoke(ProviderFactory.java:165)
at org.apache.maven.surefire.booter.ProviderFactory.invokeProvider(ProviderFactory.java:85)
at org.apache.maven.surefire.booter.ForkedBooter.runSuitesInProcess(ForkedBooter.java:115)
at org.apache.maven.surefire.booter.ForkedBooter.main(ForkedBooter.java:75)
]]>
            </full-stacktrace>
          </exception> <!-- java.lang.AssertionError -->
          <reporter-output>
          </reporter-output>
        </test-method> <!-- notificationTest -->
        <test-method status="PASS" signature="tearDown()[pri:0, instance:com.crm.qa.testcases.LoginPageTest@3f49dace]" name="tearDown" is-config="true" duration-ms="760" started-at="2020-01-09T09:19:25 IST" finished-at="2020-01-09T09:19:26 IST">
          <reporter-output>
          </reporter-output>
        </test-method> <!-- tearDown -->
        <test-method status="PASS" signature="setup()[pri:0, instance:com.crm.qa.testcases.LoginPageTest@3f49dace]" name="setup" is-config="true" duration-ms="7734" started-at="2020-01-09T09:19:26 IST" finished-at="2020-01-09T09:19:34 IST">
          <reporter-output>
          </reporter-output>
        </test-method> <!-- setup -->
        <test-method status="PASS" signature="loginTest()[pri:3, instance:com.crm.qa.testcases.LoginPageTest@3f49dace]" name="loginTest" duration-ms="880" started-at="2020-01-09T09:19:34 IST" finished-at="2020-01-09T09:19:35 IST">
          <reporter-output>
          </reporter-output>
        </test-method> <!-- loginTest -->
        <test-method status="PASS" signature="tearDown()[pri:0, instance:com.crm.qa.testcases.LoginPageTest@3f49dace]" name="tearDown" is-config="true" duration-ms="1234" started-at="2020-01-09T09:19:35 IST" finished-at="2020-01-09T09:19:36 IST">
          <reporter-output>
          </reporter-output>
        </test-method> <!-- tearDown -->
      </class> <!-- com.crm.qa.testcases.LoginPageTest -->
    </test> <!-- Command line test -->
  </suite> <!-- Command line suite -->
</testng-results>
